[youtube] Extracting URL: https://youtu.be/eD5NYOpEPrU?si=gSZxvgFp1YqDr6Ed
[youtube] eD5NYOpEPrU: Downloading webpage
[youtube] eD5NYOpEPrU: Downloading tv downgraded player API JSON
[youtube] eD5NYOpEPrU: Downloading web creator client config
[youtube] eD5NYOpEPrU: Downloading player 9fc68080-main
[youtube] eD5NYOpEPrU: Downloading web creator player API JSON
[youtube] [jsc:deno] Solving JS challenges using deno
[info] eD5NYOpEPrU: Downloading 1 format(s): 137+140
[download] Siddhartha ： A Divine Dream  ｜ Episode 01.mp4 has already been downloaded
[youtube] Extracting URL: https://youtu.be/8yV4ANftrhM?si=CRgwYhTwxaVIkl2_
[youtube] 8yV4ANftrhM: Downloading webpage
[youtube] 8yV4ANftrhM: Downloading tv downgraded player API JSON
[youtube] 8yV4ANftrhM: Downloading web creator client config
[youtube] 8yV4ANftrhM: Downloading web creator player API JSON
[youtube] [jsc:deno] Solving JS challenges using deno
[info] 8yV4ANftrhM: Downloading 1 format(s): 399+140-11
[download] Enlightenment of Buddha & Triumph Over Mara： The Ultimate Spiritual Victory.mp4 has already been downloaded
[youtube] Extracting URL: https://youtu.be/Sbel39xooz4?si=DybXBkYTuR3IgkNh
[youtube] Sbel39xooz4: Downloading webpage
[youtube] Sbel39xooz4: Downloading tv downgraded player API JSON
[youtube] Sbel39xooz4: Downloading web creator client config
[youtube] Sbel39xooz4: Downloading web creator player API JSON
[youtube] [jsc:deno] Solving JS challenges using deno
[info] Sbel39xooz4: Downloading 1 format(s): 137+140
[download] ගෞතම බුද්ධ ｜ Buddha ｜ The Enlightened One ｜ AI Short Film.mp4 has already been downloaded
[youtube] Extracting URL: https://youtu.be/PPLxRpaQfrE?si=kJ09J0FnL961rl52
[youtube] PPLxRpaQfrE: Downloading webpage
[youtube] PPLxRpaQfrE: Downloading tv downgraded player API JSON
[youtube] PPLxRpaQfrE: Downloading web creator client config
[youtube] PPLxRpaQfrE: Downloading web creator player API JSON
[youtube] [jsc:deno] Solving JS challenges using deno
[info] PPLxRpaQfrE: Downloading 1 format(s): 721+140
[download] මහා බෝසත් උපත ｜ Bodhisattva’s Birth Before Enlightenment ｜ බුදු සසුනේ ආරම්භය.mp4 has already been downloaded
[youtube] Extracting URL: https://youtu.be/zwq3N_LbAsI?si=rU2xInhHaHuiYOS7
[youtube] zwq3N_LbAsI: Downloading webpage
[youtube] zwq3N_LbAsI: Downloading tv downgraded player API JSON
[youtube] zwq3N_LbAsI: Downloading web creator client config
[youtube] zwq3N_LbAsI: Downloading web creator player API JSON
[youtube] [jsc:deno] Solving JS challenges using deno
[info] zwq3N_LbAsI: Downloading 1 format(s): 399+140
[download] බෝසත් කුමරුන් මනුලොව වැඩියා｜ Bosath Kumarun ｜ Vesak Bhakti Gee ｜ PADMA TV.mp4 has already been downloaded
[youtube] Extracting URL: https://youtu.be/4s__hWn3yAE?si=mGK-rG9n-dwCR0vA
[youtube] 4s__hWn3yAE: Downloading webpage
[youtube] 4s__hWn3yAE: Downloading tv downgraded player API JSON
[youtube] 4s__hWn3yAE: Downloading web creator client config
[youtube] 4s__hWn3yAE: Downloading web creator player API JSON
[youtube] [jsc:deno] Solving JS challenges using deno
[info] 4s__hWn3yAE: Downloading 1 format(s): 399+140
[download] සිදුහත් කුමරුගේ ඇරඹුම ｜ Siddhartha Begins ｜ AI Generated Epic Short Film.mp4 has already been downloaded
[youtube] Extracting URL: https://youtu.be/0WanOO5_Cx8?si=nYQQVZWGeOfUZxL-
[youtube] 0WanOO5_Cx8: Downloading webpage
[youtube] 0WanOO5_Cx8: Downloading tv downgraded player API JSON
[youtube] 0WanOO5_Cx8: Downloading web creator client config
[youtube] 0WanOO5_Cx8: Downloading web creator player API JSON
[youtube] [jsc:deno] Solving JS challenges using deno
[info] 0WanOO5_Cx8: Downloading 1 format(s): 299+140
[download] ＂සොඳුරු නික්ම යාම (Sonduru Nikmayama) ｜ මහා අභිනිෂ්ක්රමණ ගීතය＂.mp4 has already been downloaded
[youtube] Extracting URL: https://youtu.be/5RHWeQyC-T0?si=cZgAY1_fqXmrMUPX
[youtube] 5RHWeQyC-T0: Downloading webpage
[youtube] 5RHWeQyC-T0: Downloading tv downgraded player API JSON
[youtube] 5RHWeQyC-T0: Downloading web creator client config
[youtube] 5RHWeQyC-T0: Downloading web creator player API JSON
[youtube] [jsc:deno] Solving JS challenges using deno
[info] 5RHWeQyC-T0: Downloading 1 format(s): 399-sr+140
[download] Facebook මිලියනයක් බැලූ මාර පරාජය - සංවේදී කවිපෙළ.mp4 has already been downloaded
[youtube] Extracting URL: https://youtu.be/pUlJYY-EEWs?si=e0Zk_50B8pw_r-T5
[youtube] pUlJYY-EEWs: Downloading webpage
[youtube] pUlJYY-EEWs: Downloading tv downgraded player API JSON
[youtube] pUlJYY-EEWs: Downloading web creator client config
[youtube] pUlJYY-EEWs: Downloading web creator player API JSON
[youtube] [jsc:deno] Solving JS challenges using deno
[info] pUlJYY-EEWs: Downloading 1 format(s): 136+140
[download] Maha Parinirwanaya Kavi - පරිනිර්වාණය කවි ｜ Massanne Vijitha Thero.mp4 has already been downloaded
[youtube] Extracting URL: https://youtu.be/oiEkhSUM9ZU?si=sto05XNwmpuWn-Da
[youtube] oiEkhSUM9ZU: Downloading webpage
[youtube] oiEkhSUM9ZU: Downloading tv downgraded player API JSON
[youtube] oiEkhSUM9ZU: Downloading web creator client config
[youtube] oiEkhSUM9ZU: Downloading web creator player API JSON
[youtube] [jsc:deno] Solving JS challenges using deno
[info] oiEkhSUM9ZU: Downloading 1 format(s): 721+140
[download] කොහේ හෝ යන්න කලින් මේ ගාථාව  අහලා යන්න🍃🤍🧿｜ඡත්ත මානවක ගාථා  ලස්සන  Ai හඬකින්｜ Chaththamanawaka gatha.mp4 has already been downloaded
[youtube] Extracting URL: https://youtu.be/ZATfWmX9G6E?si=COp3W-3frOdwHubo
[youtube] ZATfWmX9G6E: Downloading webpage
[youtube] ZATfWmX9G6E: Downloading tv downgraded player API JSON
[youtube] ZATfWmX9G6E: Downloading web creator client config
[youtube] ZATfWmX9G6E: Downloading web creator player API JSON
[youtube] [jsc:deno] Solving JS challenges using deno
[info] ZATfWmX9G6E: Downloading 1 format(s): 721+140
[download] හිත නිදහස් වෙන්න අහන්න🍃🤍🧿 ｜නරසීහ ගාථා ලස්සන Ai  හඬකින් ｜බුදු සිරුරේ අසිරිය වර්ණනා කළ යශෝදරා දේවිය.mp4 has already been downloaded
[youtube] Extracting URL: https://youtu.be/RbbUKAFCOyE?si=mczNVa_Hsf2Uy_54
[youtube] RbbUKAFCOyE: Downloading webpage
[youtube] RbbUKAFCOyE: Downloading tv downgraded player API JSON
[youtube] RbbUKAFCOyE: Downloading web creator client config
[youtube] RbbUKAFCOyE: Downloading web creator player API JSON
[youtube] [jsc:deno] Solving JS challenges using deno
[info] RbbUKAFCOyE: Downloading 1 format(s): 721+140
[download] 🧿යමක ප්‍රාතිහාර්ය පෑම Ai වලින් ｜ශාක්‍යයන්ගේ මාන්‍ය දුරු කිරීම..!｜ Yamaka maha prathiharya 🙏✨#aivideo.mp4 has already been downloaded
[youtube] Extracting URL: https://youtu.be/fy0gKDpJ-0U?si=-ty9zN2NDnvb6nxW
[youtube] fy0gKDpJ-0U: Downloading webpage
[youtube] fy0gKDpJ-0U: Downloading tv downgraded player API JSON
[youtube] fy0gKDpJ-0U: Downloading web creator client config
[youtube] fy0gKDpJ-0U: Downloading web creator player API JSON
[youtube] [jsc:deno] Solving JS challenges using deno
[info] fy0gKDpJ-0U: Downloading 1 format(s): 721+140
[download] අපායේ දුක උපමාවකින්..... #buddhameditation    #animation    #buddha   #lordbuddha    #cartoon #hell.mp4 has already been downloaded
[youtube] Extracting URL: https://youtu.be/6TUBQ9Qo7AM?si=UntCziwvo06DVaj5
[youtube] 6TUBQ9Qo7AM: Downloading webpage
[youtube] 6TUBQ9Qo7AM: Downloading tv downgraded player API JSON
[youtube] 6TUBQ9Qo7AM: Downloading web creator client config
[youtube] 6TUBQ9Qo7AM: Downloading web creator player API JSON
[youtube] [jsc:deno] Solving JS challenges using deno
[info] 6TUBQ9Qo7AM: Downloading 1 format(s): 399+140
[download] පින්වත් යශෝධරා දේවිය 🌼🙏 ｜ Yashodara Kavi ｜ Welimada Saddaseela Himi ｜ Shraddha TV ｜ Jathaka katha.mp4 has already been downloaded
[youtube] Extracting URL: https://youtu.be/ZlVQeuDiotM?si=HDBQvABqiiWPjknX
[youtube] ZlVQeuDiotM: Downloading webpage
[youtube] ZlVQeuDiotM: Downloading tv downgraded player API JSON
[youtube] ZlVQeuDiotM: Downloading web creator client config
[youtube] ZlVQeuDiotM: Downloading web creator player API JSON
[youtube] [jsc:deno] Solving JS challenges using deno
[info] ZlVQeuDiotM: Downloading 1 format(s): 721+140
[download] බිම්බා දේවි හෙවත් යශෝධරා 🥺🙏❤️🕊️.mp4 has already been downloaded
[youtube] Extracting URL: https://youtu.be/7d_YAWCbqpQ?si=kx7rAcOoMZ-W7eqn
[youtube] 7d_YAWCbqpQ: Downloading webpage
[youtube] 7d_YAWCbqpQ: Downloading tv downgraded player API JSON
[youtube] 7d_YAWCbqpQ: Downloading web creator client config
[youtube] 7d_YAWCbqpQ: Downloading web creator player API JSON
[youtube] [jsc:deno] Solving JS challenges using deno
[info] 7d_YAWCbqpQ: Downloading 1 format(s): 399-sr+140
[download] යසෝදරා දේවියගේ සංසාරගත පාරමිතා  ප්‍රේමය නිවනින් නිම විය... Yashodara Devi.mp4 has already been downloaded
[youtube] Extracting URL: https://youtu.be/B9rHCYikgN0?si=PtRCaBRsts_JibCh
[youtube] B9rHCYikgN0: Downloading webpage
[youtube] B9rHCYikgN0: Downloading tv downgraded player API JSON
[youtube] B9rHCYikgN0: Downloading web creator client config
[youtube] B9rHCYikgN0: Downloading web creator player API JSON
[youtube] [jsc:deno] Solving JS challenges using deno
[info] B9rHCYikgN0: Downloading 1 format(s): 721+140
[download] යශෝදරා තෙරණිය සිදු කල ඉර්ධි ප්‍රාතිහාර්යය  Ai වලින්...! ｜Yashodara theraniya ｜ Ai video 🙏✨🤍.mp4 has already been downloaded
[youtube] Extracting URL: https://youtu.be/l5BVs_T70I4?si=CdzLT61A4qRuu1r8
[youtube] l5BVs_T70I4: Downloading webpage
[youtube] l5BVs_T70I4: Downloading tv downgraded player API JSON
[youtube] l5BVs_T70I4: Downloading web creator client config
[youtube] l5BVs_T70I4: Downloading web creator player API JSON
[youtube] [jsc:deno] Solving JS challenges using deno
[info] l5BVs_T70I4: Downloading 1 format(s): 399+140
[download] Yashodhara Kavi ｜ යශෝධරා දේවියගේ අසමසම කැපවීම හා පිරිනිවන් පෑම ｜ බුද්ධ චරිතයේ නොදුටු කතාව.mp4 has already been downloaded
[youtube] Extracting URL: https://youtu.be/81oLEji1jqo?si=EWCYaA2bSJ8CZXME
[youtube] 81oLEji1jqo: Downloading webpage
[youtube] 81oLEji1jqo: Downloading tv downgraded player API JSON
[youtube] 81oLEji1jqo: Downloading web creator client config
[youtube] 81oLEji1jqo: Downloading web creator player API JSON
[youtube] [jsc:deno] Solving JS challenges using deno
[info] 81oLEji1jqo: Downloading 1 format(s): 137+140
[download] Mugalan Maha Rahathan Wahansege Aththa Kathawa ｜ The Real Story of Moggallana Thero.mp4 has already been downloaded
[youtube] Extracting URL: https://youtu.be/K4NXrQ2Frzs?si=ET9k1hDJ9Kz5x8f5
[youtube] K4NXrQ2Frzs: Downloading webpage
[youtube] K4NXrQ2Frzs: Downloading tv downgraded player API JSON
[youtube] K4NXrQ2Frzs: Downloading web creator client config
[youtube] K4NXrQ2Frzs: Downloading web creator player API JSON
[youtube] [jsc:deno] Solving JS challenges using deno
[info] K4NXrQ2Frzs: Downloading 1 format(s): 721+140
[download] ස්වර්ණ මයුර ජාතකය හෙවත් ｜ මෝර පිරිතේ  අතීත කතාව  Ai  වලින් 🧿✨🦚🤍 ｜ Ai bana katha #banakatha.mp4 has already been downloaded
[youtube] Extracting URL: https://youtu.be/67DlneLLZOw?si=VjR2eymKJlrhVKTx
[youtube] 67DlneLLZOw: Downloading webpage
[youtube] 67DlneLLZOw: Downloading tv downgraded player API JSON
[youtube] 67DlneLLZOw: Downloading web creator client config
[youtube] 67DlneLLZOw: Downloading web creator player API JSON
[youtube] [jsc:deno] Solving JS challenges using deno
[info] 67DlneLLZOw: Downloading 1 format(s): 137+140
[download] බුදුවරු දෙනමක් එකවර පහල නොවන්නෙ ඇයි...!｜Veo 3 ｜Ai video ｜Saddaseela thero Bana 🙏🤍✨ #aivideo #veo3.mp4 has already been downloaded
[youtube] Extracting URL: https://youtu.be/67ej3MVxp5k?si=Rs0oLkSggfxPXII6
[youtube] 67ej3MVxp5k: Downloading webpage
[youtube] 67ej3MVxp5k: Downloading tv downgraded player API JSON
[youtube] 67ej3MVxp5k: Downloading web creator client config
[youtube] 67ej3MVxp5k: Downloading web creator player API JSON
[youtube] [jsc:deno] Solving JS challenges using deno
[info] 67ej3MVxp5k: Downloading 1 format(s): 721+140
[download] අන්න බලන් බුදු සමිඳුගේ  ලස්සන ｜ කවි AI හඬකින් #buddha #bodhi.mp4 has already been downloaded
[youtube] Extracting URL: https://youtu.be/egyHFucH8Wo?si=ADdqE7qiZgCZi_CT
[youtube] egyHFucH8Wo: Downloading webpage
[youtube] egyHFucH8Wo: Downloading tv downgraded player API JSON
[youtube] egyHFucH8Wo: Downloading web creator client config
[youtube] egyHFucH8Wo: Downloading web creator player API JSON
[youtube] [jsc:deno] Solving JS challenges using deno
[info] egyHFucH8Wo: Downloading 1 format(s): 399+140
[download] නා ලොව සතියක් පුද ලද බෝධිය #nagathupa #buddha #nagalokaya #anime.mp4 has already been downloaded
[youtube] Extracting URL: https://youtu.be/LkUnbJGvyBA?si=vqIxBQiLNJ3DY8B0
[youtube] LkUnbJGvyBA: Downloading webpage
[youtube] LkUnbJGvyBA: Downloading tv downgraded player API JSON
[youtube] LkUnbJGvyBA: Downloading web creator client config
[youtube] LkUnbJGvyBA: Downloading web creator player API JSON
[youtube] [jsc:deno] Solving JS challenges using deno
[info] LkUnbJGvyBA: Downloading 1 format(s): 399+140
[download] ස්වර්ණමාලි මහා සෑ රජානන් වහන්සේගේ නිධාන කතාව Ai වලින්! 🤍✨.mp4 has already been downloaded
[youtube] Extracting URL: https://youtu.be/G11Pvhcuz1A?si=GGsDGXN0QrX0-tSd
[youtube] G11Pvhcuz1A: Downloading webpage
[youtube] G11Pvhcuz1A: Downloading tv downgraded player API JSON
[youtube] G11Pvhcuz1A: Downloading web creator client config
[youtube] G11Pvhcuz1A: Downloading web creator player API JSON
[youtube] [jsc:deno] Solving JS challenges using deno
[info] G11Pvhcuz1A: Downloading 1 format(s): 399+140
[download] ධාතු පරිනිර්වාණය - ගෞතම බුදු සසුනේ අවසන් මොහොත ｜ AI Bana Katha 🤍✨.mp4 has already been downloaded
[youtube] Extracting URL: https://youtu.be/B_Q52yNtUsI?si=rf5oxpM5yF24WfmN
[youtube] B_Q52yNtUsI: Downloading webpage
[youtube] B_Q52yNtUsI: Downloading tv downgraded player API JSON
[youtube] B_Q52yNtUsI: Downloading web creator client config
[youtube] B_Q52yNtUsI: Downloading web creator player API JSON
[youtube] [jsc:deno] Solving JS challenges using deno
[info] B_Q52yNtUsI: Downloading 1 format(s): 137+140
[download] දිව්‍යලෝකෙ ආයුෂ #buddhameditation   #animation   #buddha   #lordbuddha   #cartoon.mp4 has already been downloaded
[youtube] Extracting URL: https://youtu.be/1By4bkRnCLo?si=hshPi_2U9pSSK9Lf
[youtube] 1By4bkRnCLo: Downloading webpage
[youtube] 1By4bkRnCLo: Downloading tv downgraded player API JSON
[youtube] 1By4bkRnCLo: Downloading web creator client config
[youtube] 1By4bkRnCLo: Downloading web creator player API JSON
[youtube] [jsc:deno] Solving JS challenges using deno
[info] 1By4bkRnCLo: Downloading 1 format(s): 137+140
[download] වසවත්තී මාර සේනාව (කණ්හ සේනා) #buddha  #animation  #cartoon  #buddhameditation.mp4 has already been downloaded
[youtube] Extracting URL: https://youtu.be/UyFsxYiVmCQ?si=3R1uPRyizvxHKgfT
[youtube] UyFsxYiVmCQ: Downloading webpage
[youtube] UyFsxYiVmCQ: Downloading tv downgraded player API JSON
[youtube] UyFsxYiVmCQ: Downloading web creator client config
[youtube] UyFsxYiVmCQ: Downloading web creator player API JSON
[youtube] [jsc:deno] Solving JS challenges using deno
[info] UyFsxYiVmCQ: Downloading 1 format(s): 399+140
[download] ආලවක දමනය #buddhameditation   #animation   #buddha    #lordbuddha   #cartoon.mp4 has already been downloaded
